Using pre-set license
Built from '2020.3/staging' branch; Version is '2020.3.5f1 (8095aa901b9b) revision 8426922'; Using compiler version '192528614'; Build Type 'Release'
OS: 'Windows 10 Home; OS build 19044.1526; Version 2009; 64bit' Language: 'en' Physical Memory: 16248 MB
BatchMode: 1, IsHumanControllingUs: 0, StartBugReporterOnCrash: 0, Is64bit: 1, IsPro: 0

 COMMAND LINE ARGUMENTS:
C:\Program Files\Unity\Hub\Editor\2020.3.5f1\Editor\Unity.exe
-adb2
-batchMode
-noUpm
-name
AssetImportWorker0
-projectPath
C:/Users/User/Desktop/GameDev/Course Inspired/Delivery Rush/DeliveryRush/DeliveryRush
-logFile
Logs/AssetImportWorker0.log
-srvPort
52510
Successfully changed project path to: C:/Users/User/Desktop/GameDev/Course Inspired/Delivery Rush/DeliveryRush/DeliveryRush
C:/Users/User/Desktop/GameDev/Course Inspired/Delivery Rush/DeliveryRush/DeliveryRush
Using Asset Import Pipeline V2.
Refreshing native plugins compatible for Editor in 66.35 ms, found 1 plugins.
Preloading 0 native plugins for Editor in 0.00 ms.
Initialize engine version: 2020.3.5f1 (8095aa901b9b)
[Subsystems] Discovering subsystems at path C:/Program Files/Unity/Hub/Editor/2020.3.5f1/Editor/Data/Resources/UnitySubsystems
[Subsystems] Discovering subsystems at path C:/Users/User/Desktop/GameDev/Course Inspired/Delivery Rush/DeliveryRush/DeliveryRush/Assets
GfxDevice: creating device client; threaded=0
Direct3D:
    Version:  Direct3D 11.0 [level 11.1]
    Renderer: Radeon (TM) 520 (ID=0x6665)
    Vendor:   
    VRAM:     2039 MB
    Driver:   27.20.20904.4000
Initialize mono
Mono path[0] = 'C:/Program Files/Unity/Hub/Editor/2020.3.5f1/Editor/Data/Managed'
Mono path[1] = 'C:/Program Files/Unity/Hub/Editor/2020.3.5f1/Editor/Data/MonoBleedingEdge/lib/mono/unityjit'
Mono config path = 'C:/Program Files/Unity/Hub/Editor/2020.3.5f1/Editor/Data/MonoBleedingEdge/etc'
Using monoOptions --debugger-agent=transport=dt_socket,embedding=1,server=y,suspend=n,address=127.0.0.1:56664
Begin MonoManager ReloadAssembly
Registering precompiled unity dll's ...
Register platform support module: C:/Program Files/Unity/Hub/Editor/2020.3.5f1/Editor/Data/PlaybackEngines/WebGLSupport/UnityEditor.WebGL.Extensions.dll
Register platform support module: C:/Program Files/Unity/Hub/Editor/2020.3.5f1/Editor/Data/PlaybackEngines/WindowsStandaloneSupport/UnityEditor.WindowsStandalone.Extensions.dll
Registered in 0.004456 seconds.
Native extension for WindowsStandalone target not found
Native extension for WebGL target not found
Refreshing native plugins compatible for Editor in 80.57 ms, found 1 plugins.
Preloading 0 native plugins for Editor in 0.00 ms.
Mono: successfully reloaded assembly
- Completed reload, in  3.644 seconds
Platform modules already initialized, skipping
Registering precompiled user dll's ...
Registered in 0.001530 seconds.
Begin MonoManager ReloadAssembly
Native extension for WindowsStandalone target not found
Native extension for WebGL target not found
Refreshing native plugins compatible for Editor in 60.50 ms, found 1 plugins.
Preloading 0 native plugins for Editor in 0.00 ms.
Mono: successfully reloaded assembly
- Completed reload, in  1.682 seconds
Platform modules already initialized, skipping
========================================================================
Worker process is ready to serve import requests
Launched and connected shader compiler UnityShaderCompiler.exe after 0.09 seconds
Refreshing native plugins compatible for Editor in 0.41 ms, found 1 plugins.
Preloading 0 native plugins for Editor in 0.00 ms.
Unloading 1814 Unused Serialized files (Serialized files now loaded: 0)
System memory in use before: 85.6 MB.
System memory in use after: 85.5 MB.

Unloading 24 unused Assets to reduce memory usage. Loaded Objects now: 2256.
Total: 2.940800 ms (FindLiveObjects: 0.249200 ms CreateObjectMapping: 0.160800 ms MarkObjects: 2.370800 ms  DeleteObjects: 0.158900 ms)

========================================================================
Received Import Request.
  path: Assets/Scripts/GameManager.cs
  artifactKey: Guid(f56320e9cc7dfeb4cb8bdb88bf104402) Importer(815301076,1909f56bfc062723c751e8b465ee728b)
Start importing Assets/Scripts/GameManager.cs using Guid(f56320e9cc7dfeb4cb8bdb88bf104402) Importer(815301076,1909f56bfc062723c751e8b465ee728b)  -> (artifact id: '4ed8e5042c5a9b234d57768d8ebc970f') in 0.045604 seconds
  Import took 0.050224 seconds .

========================================================================
Received Import Request.
  Time since last request: 11.201981 seconds.
  path: Assets/Scripts/GameManager.cs
  artifactKey: Guid(f56320e9cc7dfeb4cb8bdb88bf104402) Importer(815301076,1909f56bfc062723c751e8b465ee728b)
Start importing Assets/Scripts/GameManager.cs using Guid(f56320e9cc7dfeb4cb8bdb88bf104402) Importer(815301076,1909f56bfc062723c751e8b465ee728b)  -> (artifact id: '5c3d900393117b2ad378e8731f1a41d9') in 0.006785 seconds
  Import took 0.013359 seconds .

========================================================================
Received Import Request.
  Time since last request: 23.319629 seconds.
  path: Assets/Scripts/GameManager.cs
  artifactKey: Guid(f56320e9cc7dfeb4cb8bdb88bf104402) Importer(815301076,1909f56bfc062723c751e8b465ee728b)
Start importing Assets/Scripts/GameManager.cs using Guid(f56320e9cc7dfeb4cb8bdb88bf104402) Importer(815301076,1909f56bfc062723c751e8b465ee728b)  -> (artifact id: '0b84173ea6747798f2385d7c10a4cc45') in 0.005212 seconds
  Import took 0.009495 seconds .

========================================================================
Received Import Request.
  Time since last request: 10.431174 seconds.
  path: Assets/Scripts/GameManager.cs
  artifactKey: Guid(f56320e9cc7dfeb4cb8bdb88bf104402) Importer(815301076,1909f56bfc062723c751e8b465ee728b)
Start importing Assets/Scripts/GameManager.cs using Guid(f56320e9cc7dfeb4cb8bdb88bf104402) Importer(815301076,1909f56bfc062723c751e8b465ee728b)  -> (artifact id: '2018beb19b2a5952a00104e59aa40a54') in 0.005686 seconds
  Import took 0.010671 seconds .

========================================================================
Received Import Request.
  Time since last request: 3.884193 seconds.
  path: Assets/Scripts/GameManager.cs
  artifactKey: Guid(f56320e9cc7dfeb4cb8bdb88bf104402) Importer(815301076,1909f56bfc062723c751e8b465ee728b)
Start importing Assets/Scripts/GameManager.cs using Guid(f56320e9cc7dfeb4cb8bdb88bf104402) Importer(815301076,1909f56bfc062723c751e8b465ee728b)  -> (artifact id: 'db86f3e7cb0d20169a9cb5dde6ec8896') in 0.006601 seconds
  Import took 0.010908 seconds .

========================================================================
Received Prepare
Registering precompiled user dll's ...
Registered in 0.001948 seconds.
Begin MonoManager ReloadAssembly
Native extension for WindowsStandalone target not found
Native extension for WebGL target not found
Refreshing native plugins compatible for Editor in 0.40 ms, found 1 plugins.
Preloading 0 native plugins for Editor in 0.00 ms.
Mono: successfully reloaded assembly
- Completed reload, in  1.291 seconds
Platform modules already initialized, skipping
Refreshing native plugins compatible for Editor in 0.45 ms, found 1 plugins.
Preloading 0 native plugins for Editor in 0.00 ms.
Unloading 1809 Unused Serialized files (Serialized files now loaded: 0)
System memory in use before: 85.5 MB.
System memory in use after: 85.5 MB.

Unloading 12 unused Assets to reduce memory usage. Loaded Objects now: 2260.
Total: 3.019300 ms (FindLiveObjects: 0.357200 ms CreateObjectMapping: 0.155300 ms MarkObjects: 2.365300 ms  DeleteObjects: 0.139800 ms)

========================================================================
Received Import Request.
  Time since last request: 6.658403 seconds.
  path: Assets/Scripts/Arrow.cs
  artifactKey: Guid(329bd5220c557cd49b5b6998138ac238) Importer(815301076,1909f56bfc062723c751e8b465ee728b)
Start importing Assets/Scripts/Arrow.cs using Guid(329bd5220c557cd49b5b6998138ac238) Importer(815301076,1909f56bfc062723c751e8b465ee728b)  -> (artifact id: '5b2fa260fdd1b19bbef97830209302b5') in 0.016589 seconds
  Import took 0.021100 seconds .

========================================================================
Received Prepare
Registering precompiled user dll's ...
Registered in 0.001179 seconds.
Begin MonoManager ReloadAssembly
Native extension for WindowsStandalone target not found
Native extension for WebGL target not found
Refreshing native plugins compatible for Editor in 0.38 ms, found 1 plugins.
Preloading 0 native plugins for Editor in 0.00 ms.
Mono: successfully reloaded assembly
- Completed reload, in  1.101 seconds
Platform modules already initialized, skipping
Refreshing native plugins compatible for Editor in 0.37 ms, found 1 plugins.
Preloading 0 native plugins for Editor in 0.00 ms.
Unloading 1809 Unused Serialized files (Serialized files now loaded: 0)
System memory in use before: 85.6 MB.
System memory in use after: 85.5 MB.

Unloading 12 unused Assets to reduce memory usage. Loaded Objects now: 2264.
Total: 2.439300 ms (FindLiveObjects: 0.196600 ms CreateObjectMapping: 0.087900 ms MarkObjects: 2.040200 ms  DeleteObjects: 0.113500 ms)

========================================================================
Received Import Request.
  Time since last request: 132.338883 seconds.
  path: Assets/Scripts/Arrow.cs
  artifactKey: Guid(329bd5220c557cd49b5b6998138ac238) Importer(815301076,1909f56bfc062723c751e8b465ee728b)
Start importing Assets/Scripts/Arrow.cs using Guid(329bd5220c557cd49b5b6998138ac238) Importer(815301076,1909f56bfc062723c751e8b465ee728b)  -> (artifact id: 'bd2a2b338ea86d028cb75c6ff0b89d9e') in 0.005703 seconds
  Import took 0.009047 seconds .

========================================================================
Received Prepare
Registering precompiled user dll's ...
Registered in 0.000965 seconds.
Begin MonoManager ReloadAssembly
Native extension for WindowsStandalone target not found
Native extension for WebGL target not found
Refreshing native plugins compatible for Editor in 0.33 ms, found 1 plugins.
Preloading 0 native plugins for Editor in 0.00 ms.
Mono: successfully reloaded assembly
- Completed reload, in  0.885 seconds
Platform modules already initialized, skipping
Refreshing native plugins compatible for Editor in 0.31 ms, found 1 plugins.
Preloading 0 native plugins for Editor in 0.00 ms.
Unloading 1809 Unused Serialized files (Serialized files now loaded: 0)
System memory in use before: 85.6 MB.
System memory in use after: 85.6 MB.

Unloading 12 unused Assets to reduce memory usage. Loaded Objects now: 2268.
Total: 2.794300 ms (FindLiveObjects: 0.304000 ms CreateObjectMapping: 0.091300 ms MarkObjects: 2.171800 ms  DeleteObjects: 0.225700 ms)

========================================================================
Received Prepare
Registering precompiled user dll's ...
Registered in 0.001296 seconds.
Begin MonoManager ReloadAssembly
Native extension for WindowsStandalone target not found
Native extension for WebGL target not found
Refreshing native plugins compatible for Editor in 0.43 ms, found 1 plugins.
Preloading 0 native plugins for Editor in 0.00 ms.
Mono: successfully reloaded assembly
- Completed reload, in  1.592 seconds
Platform modules already initialized, skipping
Refreshing native plugins compatible for Editor in 0.46 ms, found 1 plugins.
Preloading 0 native plugins for Editor in 0.00 ms.
Unloading 1809 Unused Serialized files (Serialized files now loaded: 0)
System memory in use before: 85.6 MB.
System memory in use after: 85.6 MB.

Unloading 12 unused Assets to reduce memory usage. Loaded Objects now: 2272.
Total: 3.307300 ms (FindLiveObjects: 0.391900 ms CreateObjectMapping: 0.147800 ms MarkObjects: 2.619000 ms  DeleteObjects: 0.147100 ms)

========================================================================
Received Prepare
Registering precompiled user dll's ...
Registered in 0.000992 seconds.
Begin MonoManager ReloadAssembly
Native extension for WindowsStandalone target not found
Native extension for WebGL target not found
Refreshing native plugins compatible for Editor in 0.35 ms, found 1 plugins.
Preloading 0 native plugins for Editor in 0.00 ms.
Mono: successfully reloaded assembly
- Completed reload, in  0.874 seconds
Platform modules already initialized, skipping
Refreshing native plugins compatible for Editor in 0.33 ms, found 1 plugins.
Preloading 0 native plugins for Editor in 0.00 ms.
Unloading 1809 Unused Serialized files (Serialized files now loaded: 0)
System memory in use before: 85.7 MB.
System memory in use after: 85.6 MB.

Unloading 12 unused Assets to reduce memory usage. Loaded Objects now: 2276.
Total: 2.427600 ms (FindLiveObjects: 0.225600 ms CreateObjectMapping: 0.087700 ms MarkObjects: 1.978200 ms  DeleteObjects: 0.135300 ms)

========================================================================
Received Prepare
Registering precompiled user dll's ...
Registered in 0.001869 seconds.
Begin MonoManager ReloadAssembly
Native extension for WindowsStandalone target not found
Native extension for WebGL target not found
Refreshing native plugins compatible for Editor in 0.42 ms, found 1 plugins.
Preloading 0 native plugins for Editor in 0.00 ms.
Mono: successfully reloaded assembly
- Completed reload, in  1.374 seconds
Platform modules already initialized, skipping
Refreshing native plugins compatible for Editor in 0.39 ms, found 1 plugins.
Preloading 0 native plugins for Editor in 0.00 ms.
Unloading 1809 Unused Serialized files (Serialized files now loaded: 0)
System memory in use before: 85.7 MB.
System memory in use after: 85.6 MB.

Unloading 12 unused Assets to reduce memory usage. Loaded Objects now: 2280.
Total: 2.730500 ms (FindLiveObjects: 0.223700 ms CreateObjectMapping: 0.084900 ms MarkObjects: 2.292200 ms  DeleteObjects: 0.128400 ms)

========================================================================
Received Prepare
Registering precompiled user dll's ...
Registered in 0.001029 seconds.
Begin MonoManager ReloadAssembly
Native extension for WindowsStandalone target not found
Native extension for WebGL target not found
Refreshing native plugins compatible for Editor in 0.52 ms, found 1 plugins.
Preloading 0 native plugins for Editor in 0.00 ms.
Mono: successfully reloaded assembly
- Completed reload, in  1.202 seconds
Platform modules already initialized, skipping
Refreshing native plugins compatible for Editor in 0.41 ms, found 1 plugins.
Preloading 0 native plugins for Editor in 0.00 ms.
Unloading 1809 Unused Serialized files (Serialized files now loaded: 0)
System memory in use before: 85.7 MB.
System memory in use after: 85.7 MB.

Unloading 12 unused Assets to reduce memory usage. Loaded Objects now: 2284.
Total: 2.721200 ms (FindLiveObjects: 0.202500 ms CreateObjectMapping: 0.082700 ms MarkObjects: 2.311300 ms  DeleteObjects: 0.123300 ms)

========================================================================
Received Prepare
Registering precompiled user dll's ...
Registered in 0.001274 seconds.
Begin MonoManager ReloadAssembly
Native extension for WindowsStandalone target not found
Native extension for WebGL target not found
Refreshing native plugins compatible for Editor in 0.39 ms, found 1 plugins.
Preloading 0 native plugins for Editor in 0.00 ms.
Mono: successfully reloaded assembly
- Completed reload, in  1.153 seconds
Platform modules already initialized, skipping
Refreshing native plugins compatible for Editor in 0.37 ms, found 1 plugins.
Preloading 0 native plugins for Editor in 0.00 ms.
Unloading 1809 Unused Serialized files (Serialized files now loaded: 0)
System memory in use before: 85.7 MB.
System memory in use after: 85.7 MB.

Unloading 12 unused Assets to reduce memory usage. Loaded Objects now: 2288.
Total: 3.344400 ms (FindLiveObjects: 0.249300 ms CreateObjectMapping: 0.119100 ms MarkObjects: 2.847200 ms  DeleteObjects: 0.127600 ms)

========================================================================
Received Prepare
Registering precompiled user dll's ...
Registered in 0.001079 seconds.
Begin MonoManager ReloadAssembly
Native extension for WindowsStandalone target not found
Native extension for WebGL target not found
Refreshing native plugins compatible for Editor in 0.45 ms, found 1 plugins.
Preloading 0 native plugins for Editor in 0.00 ms.
Mono: successfully reloaded assembly
- Completed reload, in  1.283 seconds
Platform modules already initialized, skipping
Refreshing native plugins compatible for Editor in 0.52 ms, found 1 plugins.
Preloading 0 native plugins for Editor in 0.00 ms.
Unloading 1809 Unused Serialized files (Serialized files now loaded: 0)
System memory in use before: 85.7 MB.
System memory in use after: 85.7 MB.

Unloading 12 unused Assets to reduce memory usage. Loaded Objects now: 2292.
Total: 2.923500 ms (FindLiveObjects: 0.237000 ms CreateObjectMapping: 0.093000 ms MarkObjects: 2.456700 ms  DeleteObjects: 0.135100 ms)

========================================================================
Received Prepare
Registering precompiled user dll's ...
Registered in 0.002009 seconds.
Begin MonoManager ReloadAssembly
Native extension for WindowsStandalone target not found
Native extension for WebGL target not found
Refreshing native plugins compatible for Editor in 0.42 ms, found 1 plugins.
Preloading 0 native plugins for Editor in 0.00 ms.
Mono: successfully reloaded assembly
- Completed reload, in  1.335 seconds
Platform modules already initialized, skipping
Refreshing native plugins compatible for Editor in 0.38 ms, found 1 plugins.
Preloading 0 native plugins for Editor in 0.00 ms.
Unloading 1809 Unused Serialized files (Serialized files now loaded: 0)
System memory in use before: 85.7 MB.
System memory in use after: 85.7 MB.

Unloading 12 unused Assets to reduce memory usage. Loaded Objects now: 2296.
Total: 2.990400 ms (FindLiveObjects: 0.571200 ms CreateObjectMapping: 0.178900 ms MarkObjects: 2.113300 ms  DeleteObjects: 0.124600 ms)

========================================================================
Received Prepare
Registering precompiled user dll's ...
Registered in 0.001453 seconds.
Begin MonoManager ReloadAssembly
Native extension for WindowsStandalone target not found
Native extension for WebGL target not found
Refreshing native plugins compatible for Editor in 0.43 ms, found 1 plugins.
Preloading 0 native plugins for Editor in 0.00 ms.
Mono: successfully reloaded assembly
- Completed reload, in  1.331 seconds
Platform modules already initialized, skipping
Refreshing native plugins compatible for Editor in 0.39 ms, found 1 plugins.
Preloading 0 native plugins for Editor in 0.00 ms.
Unloading 1809 Unused Serialized files (Serialized files now loaded: 0)
System memory in use before: 85.7 MB.
System memory in use after: 85.7 MB.

Unloading 12 unused Assets to reduce memory usage. Loaded Objects now: 2300.
Total: 2.786200 ms (FindLiveObjects: 0.314900 ms CreateObjectMapping: 0.108100 ms MarkObjects: 2.244200 ms  DeleteObjects: 0.118200 ms)

========================================================================
Received Prepare
Registering precompiled user dll's ...
Registered in 0.001651 seconds.
Begin MonoManager ReloadAssembly
Native extension for WindowsStandalone target not found
Native extension for WebGL target not found
Refreshing native plugins compatible for Editor in 0.49 ms, found 1 plugins.
Preloading 0 native plugins for Editor in 0.00 ms.
Mono: successfully reloaded assembly
- Completed reload, in  1.734 seconds
Platform modules already initialized, skipping
Refreshing native plugins compatible for Editor in 0.43 ms, found 1 plugins.
Preloading 0 native plugins for Editor in 0.00 ms.
Unloading 1809 Unused Serialized files (Serialized files now loaded: 0)
System memory in use before: 85.7 MB.
System memory in use after: 85.7 MB.

Unloading 12 unused Assets to reduce memory usage. Loaded Objects now: 2304.
Total: 3.104900 ms (FindLiveObjects: 0.225800 ms CreateObjectMapping: 0.088300 ms MarkObjects: 2.657000 ms  DeleteObjects: 0.132400 ms)

========================================================================
Received Import Request.
  Time since last request: 2068.048434 seconds.
  path: Assets/Packages
  artifactKey: Guid(d0aee51bfb2e51044bc7a81c23d08a9b) Importer(815301076,1909f56bfc062723c751e8b465ee728b)
Start importing Assets/Packages using Guid(d0aee51bfb2e51044bc7a81c23d08a9b) Importer(815301076,1909f56bfc062723c751e8b465ee728b)  -> (artifact id: 'bdde61288f963275db48e8008e8bc3b9') in 0.011008 seconds
  Import took 0.015107 seconds .

========================================================================
Received Import Request.
  Time since last request: 6.552517 seconds.
  path: Assets/DeliveryPackages
  artifactKey: Guid(d0aee51bfb2e51044bc7a81c23d08a9b) Importer(815301076,1909f56bfc062723c751e8b465ee728b)
Start importing Assets/DeliveryPackages using Guid(d0aee51bfb2e51044bc7a81c23d08a9b) Importer(815301076,1909f56bfc062723c751e8b465ee728b)  -> (artifact id: '63909e1bbefed1c0a3ce46d4cdfa0e36') in 0.010653 seconds
  Import took 0.014336 seconds .

========================================================================
Received Import Request.
  Time since last request: 15.730118 seconds.
  path: Assets/DeliveryPackages/FoodPackageSO.cs
  artifactKey: Guid(5b14a0999c32f52439ac2c2f5d71f669) Importer(815301076,1909f56bfc062723c751e8b465ee728b)
Start importing Assets/DeliveryPackages/FoodPackageSO.cs using Guid(5b14a0999c32f52439ac2c2f5d71f669) Importer(815301076,1909f56bfc062723c751e8b465ee728b)  -> (artifact id: '4b8b91af538a39b35069a7d8a8e91160') in 0.032642 seconds
  Import took 0.039820 seconds .

========================================================================
Received Prepare
Registering precompiled user dll's ...
Registered in 0.001692 seconds.
Begin MonoManager ReloadAssembly
Native extension for WindowsStandalone target not found
Native extension for WebGL target not found
Refreshing native plugins compatible for Editor in 0.55 ms, found 1 plugins.
Preloading 0 native plugins for Editor in 0.00 ms.
Mono: successfully reloaded assembly
- Completed reload, in  2.013 seconds
Platform modules already initialized, skipping
Refreshing native plugins compatible for Editor in 0.41 ms, found 1 plugins.
Preloading 0 native plugins for Editor in 0.00 ms.
Unloading 1810 Unused Serialized files (Serialized files now loaded: 0)
System memory in use before: 85.8 MB.
System memory in use after: 85.7 MB.

Unloading 12 unused Assets to reduce memory usage. Loaded Objects now: 2309.
Total: 3.189100 ms (FindLiveObjects: 0.308600 ms CreateObjectMapping: 0.115200 ms MarkObjects: 2.629800 ms  DeleteObjects: 0.133500 ms)

========================================================================
Received Prepare
Registering precompiled user dll's ...
Registered in 0.001257 seconds.
Begin MonoManager ReloadAssembly
Native extension for WindowsStandalone target not found
Native extension for WebGL target not found
Refreshing native plugins compatible for Editor in 0.38 ms, found 1 plugins.
Preloading 0 native plugins for Editor in 0.00 ms.
Mono: successfully reloaded assembly
- Completed reload, in  1.118 seconds
Platform modules already initialized, skipping
Refreshing native plugins compatible for Editor in 0.37 ms, found 1 plugins.
Preloading 0 native plugins for Editor in 0.00 ms.
Unloading 1810 Unused Serialized files (Serialized files now loaded: 0)
System memory in use before: 85.8 MB.
System memory in use after: 85.7 MB.

Unloading 12 unused Assets to reduce memory usage. Loaded Objects now: 2313.
Total: 2.265100 ms (FindLiveObjects: 0.232600 ms CreateObjectMapping: 0.073800 ms MarkObjects: 1.853500 ms  DeleteObjects: 0.104000 ms)

========================================================================
Received Import Request.
  Time since last request: 113.760032 seconds.
  path: Assets/DeliveryPackages/FoodPackageSO.cs
  artifactKey: Guid(5b14a0999c32f52439ac2c2f5d71f669) Importer(815301076,1909f56bfc062723c751e8b465ee728b)
Start importing Assets/DeliveryPackages/FoodPackageSO.cs using Guid(5b14a0999c32f52439ac2c2f5d71f669) Importer(815301076,1909f56bfc062723c751e8b465ee728b)  -> (artifact id: '7c96060430ee4e32656ffe39f74968c1') in 0.007569 seconds
  Import took 0.010728 seconds .

========================================================================
Received Prepare
Registering precompiled user dll's ...
Registered in 0.001355 seconds.
Begin MonoManager ReloadAssembly
Native extension for WindowsStandalone target not found
Native extension for WebGL target not found
Refreshing native plugins compatible for Editor in 0.44 ms, found 1 plugins.
Preloading 0 native plugins for Editor in 0.00 ms.
Mono: successfully reloaded assembly
- Completed reload, in  1.440 seconds
Platform modules already initialized, skipping
Refreshing native plugins compatible for Editor in 0.69 ms, found 1 plugins.
Preloading 0 native plugins for Editor in 0.00 ms.
Unloading 1810 Unused Serialized files (Serialized files now loaded: 0)
System memory in use before: 85.8 MB.
System memory in use after: 85.7 MB.

Unloading 12 unused Assets to reduce memory usage. Loaded Objects now: 2317.
Total: 3.029700 ms (FindLiveObjects: 0.345400 ms CreateObjectMapping: 0.104900 ms MarkObjects: 2.445300 ms  DeleteObjects: 0.132800 ms)

========================================================================
Received Import Request.
  Time since last request: 23.759473 seconds.
  path: Assets/DeliveryPackages/FoodPackageSO.cs
  artifactKey: Guid(5b14a0999c32f52439ac2c2f5d71f669) Importer(815301076,1909f56bfc062723c751e8b465ee728b)
Start importing Assets/DeliveryPackages/FoodPackageSO.cs using Guid(5b14a0999c32f52439ac2c2f5d71f669) Importer(815301076,1909f56bfc062723c751e8b465ee728b)  -> (artifact id: '62f4d90f6998a5e93e971dc42e8ba314') in 0.006894 seconds
  Import took 0.010686 seconds .

========================================================================
Received Prepare
Registering precompiled user dll's ...
Registered in 0.001828 seconds.
Begin MonoManager ReloadAssembly
Native extension for WindowsStandalone target not found
Native extension for WebGL target not found
Refreshing native plugins compatible for Editor in 0.76 ms, found 1 plugins.
Preloading 0 native plugins for Editor in 0.00 ms.
Mono: successfully reloaded assembly
- Completed reload, in  1.217 seconds
Platform modules already initialized, skipping
Refreshing native plugins compatible for Editor in 0.41 ms, found 1 plugins.
Preloading 0 native plugins for Editor in 0.00 ms.
Unloading 1810 Unused Serialized files (Serialized files now loaded: 0)
System memory in use before: 85.8 MB.
System memory in use after: 85.8 MB.

Unloading 12 unused Assets to reduce memory usage. Loaded Objects now: 2321.
Total: 2.667900 ms (FindLiveObjects: 0.367000 ms CreateObjectMapping: 0.156600 ms MarkObjects: 2.011000 ms  DeleteObjects: 0.131200 ms)

========================================================================
Received Import Request.
  Time since last request: 58.016722 seconds.
  path: Assets/DeliveryPackages/FoodPackageSO.cs
  artifactKey: Guid(5b14a0999c32f52439ac2c2f5d71f669) Importer(815301076,1909f56bfc062723c751e8b465ee728b)
Start importing Assets/DeliveryPackages/FoodPackageSO.cs using Guid(5b14a0999c32f52439ac2c2f5d71f669) Importer(815301076,1909f56bfc062723c751e8b465ee728b)  -> (artifact id: '9e0f6f7048bc25190e1776785c14cd3b') in 0.006432 seconds
  Import took 0.009838 seconds .

========================================================================
Received Import Request.
  Time since last request: 9.131359 seconds.
  path: Assets/DeliveryPackages/Cheese Burger.asset
  artifactKey: Guid(e35fa7b56516de14babcfa2a3269f664) Importer(815301076,1909f56bfc062723c751e8b465ee728b)
Start importing Assets/DeliveryPackages/Cheese Burger.asset using Guid(e35fa7b56516de14babcfa2a3269f664) Importer(815301076,1909f56bfc062723c751e8b465ee728b)  -> (artifact id: '2381464efca7c37020c33ffa0ccbf782') in 0.017831 seconds
  Import took 0.021532 seconds .

========================================================================
Received Import Request.
  Time since last request: 0.000469 seconds.
  path: Assets/DeliveryPackages/Cheese Burger.asset
  artifactKey: Guid(e35fa7b56516de14babcfa2a3269f664) Importer(815301076,1909f56bfc062723c751e8b465ee728b)
Start importing Assets/DeliveryPackages/Cheese Burger.asset using Guid(e35fa7b56516de14babcfa2a3269f664) Importer(815301076,1909f56bfc062723c751e8b465ee728b)  -> (artifact id: '2381464efca7c37020c33ffa0ccbf782') in 0.006802 seconds
  Import took 0.010780 seconds .

========================================================================
Received Import Request.
  Time since last request: 16.572026 seconds.
  path: Assets/DeliveryPackages/French Fries.asset
  artifactKey: Guid(fee6af74af9778f40a50958db0097c34) Importer(815301076,1909f56bfc062723c751e8b465ee728b)
Start importing Assets/DeliveryPackages/French Fries.asset using Guid(fee6af74af9778f40a50958db0097c34) Importer(815301076,1909f56bfc062723c751e8b465ee728b)  -> (artifact id: '56b93ece487280fae31279027f408094') in 0.011660 seconds
  Import took 0.017521 seconds .

========================================================================
Received Import Request.
  Time since last request: 23.883596 seconds.
  path: Assets/DeliveryPackages/Fried Chicken.asset
  artifactKey: Guid(1f5b133766e47df4eb76bc6671d3d8d6) Importer(815301076,1909f56bfc062723c751e8b465ee728b)
Start importing Assets/DeliveryPackages/Fried Chicken.asset using Guid(1f5b133766e47df4eb76bc6671d3d8d6) Importer(815301076,1909f56bfc062723c751e8b465ee728b)  -> (artifact id: '2317bebd637bd5cf54983838d27ed536') in 0.011434 seconds
  Import took 0.014930 seconds .

========================================================================
Received Prepare
Registering precompiled user dll's ...
Registered in 0.001303 seconds.
Begin MonoManager ReloadAssembly
Native extension for WindowsStandalone target not found
Native extension for WebGL target not found
Refreshing native plugins compatible for Editor in 0.52 ms, found 1 plugins.
Preloading 0 native plugins for Editor in 0.00 ms.
Mono: successfully reloaded assembly
- Completed reload, in  1.672 seconds
Platform modules already initialized, skipping
Refreshing native plugins compatible for Editor in 0.40 ms, found 1 plugins.
Preloading 0 native plugins for Editor in 0.00 ms.
Unloading 1810 Unused Serialized files (Serialized files now loaded: 0)
System memory in use before: 85.8 MB.
System memory in use after: 85.8 MB.

Unloading 12 unused Assets to reduce memory usage. Loaded Objects now: 2325.
Total: 2.908700 ms (FindLiveObjects: 0.498900 ms CreateObjectMapping: 0.127500 ms MarkObjects: 2.148400 ms  DeleteObjects: 0.130800 ms)

========================================================================
Received Import Request.
  Time since last request: 119.640483 seconds.
  path: Assets/Scripts/HotelManager.cs
  artifactKey: Guid(c42bd6a2d29649b4c84857189c6cf817) Importer(815301076,1909f56bfc062723c751e8b465ee728b)
Start importing Assets/Scripts/HotelManager.cs using Guid(c42bd6a2d29649b4c84857189c6cf817) Importer(815301076,1909f56bfc062723c751e8b465ee728b)  -> (artifact id: '58ba093410798144b1fcfc4496f051bb') in 0.011417 seconds
  Import took 0.015547 seconds .

========================================================================
Received Prepare
Registering precompiled user dll's ...
Registered in 0.001222 seconds.
Begin MonoManager ReloadAssembly
Native extension for WindowsStandalone target not found
Native extension for WebGL target not found
Refreshing native plugins compatible for Editor in 0.35 ms, found 1 plugins.
Preloading 0 native plugins for Editor in 0.00 ms.
Mono: successfully reloaded assembly
- Completed reload, in  1.075 seconds
Platform modules already initialized, skipping
Refreshing native plugins compatible for Editor in 0.33 ms, found 1 plugins.
Preloading 0 native plugins for Editor in 0.00 ms.
Unloading 1811 Unused Serialized files (Serialized files now loaded: 0)
System memory in use before: 85.8 MB.
System memory in use after: 85.8 MB.

Unloading 12 unused Assets to reduce memory usage. Loaded Objects now: 2330.
Total: 2.297200 ms (FindLiveObjects: 0.194800 ms CreateObjectMapping: 0.059600 ms MarkObjects: 1.910600 ms  DeleteObjects: 0.131100 ms)

========================================================================
Received Prepare
Registering precompiled user dll's ...
Registered in 0.001237 seconds.
Begin MonoManager ReloadAssembly
Native extension for WindowsStandalone target not found
Native extension for WebGL target not found
Refreshing native plugins compatible for Editor in 0.58 ms, found 1 plugins.
Preloading 0 native plugins for Editor in 0.00 ms.
Mono: successfully reloaded assembly
- Completed reload, in  1.365 seconds
Platform modules already initialized, skipping
Refreshing native plugins compatible for Editor in 0.38 ms, found 1 plugins.
Preloading 0 native plugins for Editor in 0.00 ms.
Unloading 1811 Unused Serialized files (Serialized files now loaded: 0)
System memory in use before: 85.8 MB.
System memory in use after: 85.8 MB.

Unloading 12 unused Assets to reduce memory usage. Loaded Objects now: 2334.
Total: 2.757700 ms (FindLiveObjects: 0.288900 ms CreateObjectMapping: 0.140000 ms MarkObjects: 2.193300 ms  DeleteObjects: 0.134400 ms)

========================================================================
Received Prepare
Registering precompiled user dll's ...
Registered in 0.001210 seconds.
Begin MonoManager ReloadAssembly
Native extension for WindowsStandalone target not found
Native extension for WebGL target not found
Refreshing native plugins compatible for Editor in 0.40 ms, found 1 plugins.
Preloading 0 native plugins for Editor in 0.00 ms.
Mono: successfully reloaded assembly
- Completed reload, in  1.284 seconds
Platform modules already initialized, skipping
Refreshing native plugins compatible for Editor in 0.39 ms, found 1 plugins.
Preloading 0 native plugins for Editor in 0.00 ms.
Unloading 1811 Unused Serialized files (Serialized files now loaded: 0)
System memory in use before: 85.8 MB.
System memory in use after: 85.8 MB.

Unloading 12 unused Assets to reduce memory usage. Loaded Objects now: 2338.
Total: 2.929800 ms (FindLiveObjects: 0.417000 ms CreateObjectMapping: 0.227200 ms MarkObjects: 2.161800 ms  DeleteObjects: 0.122000 ms)

========================================================================
Received Prepare
Registering precompiled user dll's ...
Registered in 0.001218 seconds.
Begin MonoManager ReloadAssembly
Native extension for WindowsStandalone target not found
Native extension for WebGL target not found
Refreshing native plugins compatible for Editor in 0.39 ms, found 1 plugins.
Preloading 0 native plugins for Editor in 0.00 ms.
Mono: successfully reloaded assembly
- Completed reload, in  1.195 seconds
Platform modules already initialized, skipping
Refreshing native plugins compatible for Editor in 0.36 ms, found 1 plugins.
Preloading 0 native plugins for Editor in 0.00 ms.
Unloading 1811 Unused Serialized files (Serialized files now loaded: 0)
System memory in use before: 85.8 MB.
System memory in use after: 85.8 MB.

Unloading 12 unused Assets to reduce memory usage. Loaded Objects now: 2342.
Total: 2.512500 ms (FindLiveObjects: 0.245100 ms CreateObjectMapping: 0.071700 ms MarkObjects: 2.079300 ms  DeleteObjects: 0.115000 ms)

========================================================================
Received Prepare
Registering precompiled user dll's ...
Registered in 0.001212 seconds.
Begin MonoManager ReloadAssembly
Native extension for WindowsStandalone target not found
Native extension for WebGL target not found
Refreshing native plugins compatible for Editor in 0.39 ms, found 1 plugins.
Preloading 0 native plugins for Editor in 0.00 ms.
Mono: successfully reloaded assembly
- Completed reload, in  1.253 seconds
Platform modules already initialized, skipping
Refreshing native plugins compatible for Editor in 0.39 ms, found 1 plugins.
Preloading 0 native plugins for Editor in 0.00 ms.
Unloading 1811 Unused Serialized files (Serialized files now loaded: 0)
System memory in use before: 85.9 MB.
System memory in use after: 85.8 MB.

Unloading 12 unused Assets to reduce memory usage. Loaded Objects now: 2346.
Total: 2.595100 ms (FindLiveObjects: 0.223300 ms CreateObjectMapping: 0.097100 ms MarkObjects: 2.148700 ms  DeleteObjects: 0.124700 ms)

========================================================================
Received Import Request.
  Time since last request: 209.672020 seconds.
  path: Assets/DeliveryPackages/Cheese Burger.asset
  artifactKey: Guid(e35fa7b56516de14babcfa2a3269f664) Importer(815301076,1909f56bfc062723c751e8b465ee728b)
Start importing Assets/DeliveryPackages/Cheese Burger.asset using Guid(e35fa7b56516de14babcfa2a3269f664) Importer(815301076,1909f56bfc062723c751e8b465ee728b)  -> (artifact id: 'd69797646a253cb2889170ee38f76d54') in 0.012346 seconds
  Import took 0.015779 seconds .

========================================================================
Received Import Request.
  Time since last request: 0.425624 seconds.
  path: Assets/DeliveryPackages/French Fries.asset
  artifactKey: Guid(fee6af74af9778f40a50958db0097c34) Importer(815301076,1909f56bfc062723c751e8b465ee728b)
Start importing Assets/DeliveryPackages/French Fries.asset using Guid(fee6af74af9778f40a50958db0097c34) Importer(815301076,1909f56bfc062723c751e8b465ee728b)  -> (artifact id: 'fd9ee85b0bf00e66a01bfa59f63b7e1b') in 0.005323 seconds
  Import took 0.008905 seconds .

========================================================================
Received Import Request.
  Time since last request: 1.287466 seconds.
  path: Assets/DeliveryPackages/Fried Chicken.asset
  artifactKey: Guid(1f5b133766e47df4eb76bc6671d3d8d6) Importer(815301076,1909f56bfc062723c751e8b465ee728b)
Start importing Assets/DeliveryPackages/Fried Chicken.asset using Guid(1f5b133766e47df4eb76bc6671d3d8d6) Importer(815301076,1909f56bfc062723c751e8b465ee728b)  -> (artifact id: 'bdd3f25c1454828f64290096cb17015f') in 0.004302 seconds
  Import took 0.007874 seconds .

========================================================================
Received Prepare
Registering precompiled user dll's ...
Registered in 0.001085 seconds.
Begin MonoManager ReloadAssembly
Native extension for WindowsStandalone target not found
Native extension for WebGL target not found
Refreshing native plugins compatible for Editor in 0.41 ms, found 1 plugins.
Preloading 0 native plugins for Editor in 0.00 ms.
Mono: successfully reloaded assembly
- Completed reload, in  1.196 seconds
Platform modules already initialized, skipping
Refreshing native plugins compatible for Editor in 0.37 ms, found 1 plugins.
Preloading 0 native plugins for Editor in 0.00 ms.
Unloading 1811 Unused Serialized files (Serialized files now loaded: 0)
System memory in use before: 85.9 MB.
System memory in use after: 85.8 MB.

Unloading 12 unused Assets to reduce memory usage. Loaded Objects now: 2350.
Total: 2.287700 ms (FindLiveObjects: 0.186300 ms CreateObjectMapping: 0.074300 ms MarkObjects: 1.917000 ms  DeleteObjects: 0.109100 ms)

========================================================================
Received Prepare
Registering precompiled user dll's ...
Registered in 0.001141 seconds.
Begin MonoManager ReloadAssembly
Native extension for WindowsStandalone target not found
Native extension for WebGL target not found
Refreshing native plugins compatible for Editor in 0.43 ms, found 1 plugins.
Preloading 0 native plugins for Editor in 0.00 ms.
Mono: successfully reloaded assembly
- Completed reload, in  1.148 seconds
Platform modules already initialized, skipping
Refreshing native plugins compatible for Editor in 0.37 ms, found 1 plugins.
Preloading 0 native plugins for Editor in 0.00 ms.
Unloading 1811 Unused Serialized files (Serialized files now loaded: 0)
System memory in use before: 85.9 MB.
System memory in use after: 85.8 MB.

Unloading 12 unused Assets to reduce memory usage. Loaded Objects now: 2354.
Total: 2.859500 ms (FindLiveObjects: 0.332800 ms CreateObjectMapping: 0.117700 ms MarkObjects: 2.285000 ms  DeleteObjects: 0.122200 ms)

========================================================================
Received Import Request.
  Time since last request: 137.852746 seconds.
  path: Assets/Scripts/FoodPackageSO.cs
  artifactKey: Guid(5b14a0999c32f52439ac2c2f5d71f669) Importer(815301076,1909f56bfc062723c751e8b465ee728b)
Start importing Assets/Scripts/FoodPackageSO.cs using Guid(5b14a0999c32f52439ac2c2f5d71f669) Importer(815301076,1909f56bfc062723c751e8b465ee728b)  -> (artifact id: 'e19046bd4a197cfdc171efbe0915119d') in 0.006510 seconds
  Import took 0.010032 seconds .

========================================================================
Received Prepare
Registering precompiled user dll's ...
Registered in 0.001095 seconds.
Begin MonoManager ReloadAssembly
Native extension for WindowsStandalone target not found
Native extension for WebGL target not found
Refreshing native plugins compatible for Editor in 0.33 ms, found 1 plugins.
Preloading 0 native plugins for Editor in 0.00 ms.
Mono: successfully reloaded assembly
- Completed reload, in  0.881 seconds
Platform modules already initialized, skipping
Refreshing native plugins compatible for Editor in 0.35 ms, found 1 plugins.
Preloading 0 native plugins for Editor in 0.00 ms.
Unloading 1811 Unused Serialized files (Serialized files now loaded: 0)
System memory in use before: 85.9 MB.
System memory in use after: 85.9 MB.

Unloading 12 unused Assets to reduce memory usage. Loaded Objects now: 2358.
Total: 2.163900 ms (FindLiveObjects: 0.272400 ms CreateObjectMapping: 0.083900 ms MarkObjects: 1.693900 ms  DeleteObjects: 0.112900 ms)

========================================================================
Received Import Request.
  Time since last request: 368.045455 seconds.
  path: Assets/DeliveryPackages/Fried Chicken.asset
  artifactKey: Guid(1f5b133766e47df4eb76bc6671d3d8d6) Importer(815301076,1909f56bfc062723c751e8b465ee728b)
Start importing Assets/DeliveryPackages/Fried Chicken.asset using Guid(1f5b133766e47df4eb76bc6671d3d8d6) Importer(815301076,1909f56bfc062723c751e8b465ee728b)  -> (artifact id: '96be34f02804004230c05963fa25dc2d') in 0.015097 seconds
  Import took 0.019014 seconds .

========================================================================
Received Prepare
Registering precompiled user dll's ...
Registered in 0.001022 seconds.
Begin MonoManager ReloadAssembly
Native extension for WindowsStandalone target not found
Native extension for WebGL target not found
Refreshing native plugins compatible for Editor in 0.38 ms, found 1 plugins.
Preloading 0 native plugins for Editor in 0.00 ms.
Mono: successfully reloaded assembly
- Completed reload, in  1.062 seconds
Platform modules already initialized, skipping
Refreshing native plugins compatible for Editor in 0.35 ms, found 1 plugins.
Preloading 0 native plugins for Editor in 0.00 ms.
Unloading 1811 Unused Serialized files (Serialized files now loaded: 0)
System memory in use before: 85.9 MB.
System memory in use after: 85.9 MB.

Unloading 12 unused Assets to reduce memory usage. Loaded Objects now: 2362.
Total: 2.438300 ms (FindLiveObjects: 0.217200 ms CreateObjectMapping: 0.077100 ms MarkObjects: 2.033800 ms  DeleteObjects: 0.109200 ms)

========================================================================
Received Prepare
Registering precompiled user dll's ...
Registered in 0.000990 seconds.
Begin MonoManager ReloadAssembly
Native extension for WindowsStandalone target not found
Native extension for WebGL target not found
Refreshing native plugins compatible for Editor in 0.32 ms, found 1 plugins.
Preloading 0 native plugins for Editor in 0.00 ms.
Mono: successfully reloaded assembly
- Completed reload, in  0.856 seconds
Platform modules already initialized, skipping
Refreshing native plugins compatible for Editor in 0.38 ms, found 1 plugins.
Preloading 0 native plugins for Editor in 0.00 ms.
Unloading 1811 Unused Serialized files (Serialized files now loaded: 0)
System memory in use before: 85.9 MB.
System memory in use after: 85.9 MB.

Unloading 12 unused Assets to reduce memory usage. Loaded Objects now: 2366.
Total: 2.730800 ms (FindLiveObjects: 0.455700 ms CreateObjectMapping: 0.104900 ms MarkObjects: 2.022800 ms  DeleteObjects: 0.145600 ms)

========================================================================
Received Prepare
Registering precompiled user dll's ...
Registered in 0.000897 seconds.
Begin MonoManager ReloadAssembly
Native extension for WindowsStandalone target not found
Native extension for WebGL target not found
Refreshing native plugins compatible for Editor in 0.39 ms, found 1 plugins.
Preloading 0 native plugins for Editor in 0.00 ms.
Mono: successfully reloaded assembly
- Completed reload, in  0.865 seconds
Platform modules already initialized, skipping
Refreshing native plugins compatible for Editor in 0.34 ms, found 1 plugins.
Preloading 0 native plugins for Editor in 0.00 ms.
Unloading 1811 Unused Serialized files (Serialized files now loaded: 0)
System memory in use before: 85.9 MB.
System memory in use after: 85.9 MB.

Unloading 12 unused Assets to reduce memory usage. Loaded Objects now: 2370.
Total: 2.307700 ms (FindLiveObjects: 0.241800 ms CreateObjectMapping: 0.064900 ms MarkObjects: 1.866500 ms  DeleteObjects: 0.133300 ms)

========================================================================
Received Prepare
Registering precompiled user dll's ...
Registered in 0.001571 seconds.
Begin MonoManager ReloadAssembly
Native extension for WindowsStandalone target not found
Native extension for WebGL target not found
Refreshing native plugins compatible for Editor in 0.33 ms, found 1 plugins.
Preloading 0 native plugins for Editor in 0.00 ms.
Mono: successfully reloaded assembly
- Completed reload, in  0.868 seconds
Platform modules already initialized, skipping
Refreshing native plugins compatible for Editor in 0.32 ms, found 1 plugins.
Preloading 0 native plugins for Editor in 0.00 ms.
Unloading 1811 Unused Serialized files (Serialized files now loaded: 0)
System memory in use before: 85.9 MB.
System memory in use after: 85.9 MB.

Unloading 12 unused Assets to reduce memory usage. Loaded Objects now: 2374.
Total: 1.851400 ms (FindLiveObjects: 0.165500 ms CreateObjectMapping: 0.059500 ms MarkObjects: 1.496900 ms  DeleteObjects: 0.128600 ms)

========================================================================
Received Prepare
Registering precompiled user dll's ...
Registered in 0.001144 seconds.
Begin MonoManager ReloadAssembly
Native extension for WindowsStandalone target not found
Native extension for WebGL target not found
Refreshing native plugins compatible for Editor in 0.47 ms, found 1 plugins.
Preloading 0 native plugins for Editor in 0.00 ms.
Mono: successfully reloaded assembly
- Completed reload, in  1.590 seconds
Platform modules already initialized, skipping
Refreshing native plugins compatible for Editor in 1.30 ms, found 1 plugins.
Preloading 0 native plugins for Editor in 0.00 ms.
Unloading 1811 Unused Serialized files (Serialized files now loaded: 0)
System memory in use before: 85.9 MB.
System memory in use after: 85.9 MB.

Unloading 12 unused Assets to reduce memory usage. Loaded Objects now: 2378.
Total: 5.528600 ms (FindLiveObjects: 0.628300 ms CreateObjectMapping: 0.449800 ms MarkObjects: 4.244700 ms  DeleteObjects: 0.203500 ms)

========================================================================
Received Import Request.
  Time since last request: 438.114379 seconds.
  path: Assets/Prefabs/Pickup.prefab
  artifactKey: Guid(e96893b306e0d8f4eac3259820e45ef3) Importer(815301076,1909f56bfc062723c751e8b465ee728b)
Start importing Assets/Prefabs/Pickup.prefab using Guid(e96893b306e0d8f4eac3259820e45ef3) Importer(815301076,1909f56bfc062723c751e8b465ee728b)  -> (artifact id: '15ade72cb819d80c15c5f04245be56ce') in 0.177876 seconds
  Import took 0.184908 seconds .

========================================================================
Received Prepare
Registering precompiled user dll's ...
Registered in 0.001404 seconds.
Begin MonoManager ReloadAssembly
Native extension for WindowsStandalone target not found
Native extension for WebGL target not found
Refreshing native plugins compatible for Editor in 0.50 ms, found 1 plugins.
Preloading 0 native plugins for Editor in 0.00 ms.
Mono: successfully reloaded assembly
- Completed reload, in  1.359 seconds
Platform modules already initialized, skipping
Refreshing native plugins compatible for Editor in 0.38 ms, found 1 plugins.
Preloading 0 native plugins for Editor in 0.00 ms.
Unloading 1811 Unused Serialized files (Serialized files now loaded: 0)
System memory in use before: 89.0 MB.
System memory in use after: 89.0 MB.

Unloading 12 unused Assets to reduce memory usage. Loaded Objects now: 2389.
Total: 2.694600 ms (FindLiveObjects: 0.272800 ms CreateObjectMapping: 0.122600 ms MarkObjects: 2.168100 ms  DeleteObjects: 0.129200 ms)

========================================================================
Received Prepare
Registering precompiled user dll's ...
Registered in 0.001298 seconds.
Begin MonoManager ReloadAssembly
Native extension for WindowsStandalone target not found
Native extension for WebGL target not found
Refreshing native plugins compatible for Editor in 0.42 ms, found 1 plugins.
Preloading 0 native plugins for Editor in 0.00 ms.
Mono: successfully reloaded assembly
- Completed reload, in  1.295 seconds
Platform modules already initialized, skipping
Refreshing native plugins compatible for Editor in 0.38 ms, found 1 plugins.
Preloading 0 native plugins for Editor in 0.00 ms.
Unloading 1811 Unused Serialized files (Serialized files now loaded: 0)
System memory in use before: 89.0 MB.
System memory in use after: 89.0 MB.

Unloading 12 unused Assets to reduce memory usage. Loaded Objects now: 2393.
Total: 2.857200 ms (FindLiveObjects: 0.334300 ms CreateObjectMapping: 0.126800 ms MarkObjects: 2.269100 ms  DeleteObjects: 0.125300 ms)

========================================================================
Received Prepare
Registering precompiled user dll's ...
Registered in 0.001715 seconds.
Begin MonoManager ReloadAssembly
Native extension for WindowsStandalone target not found
Native extension for WebGL target not found
Refreshing native plugins compatible for Editor in 0.42 ms, found 1 plugins.
Preloading 0 native plugins for Editor in 0.00 ms.
Mono: successfully reloaded assembly
- Completed reload, in  1.192 seconds
Platform modules already initialized, skipping
Refreshing native plugins compatible for Editor in 0.39 ms, found 1 plugins.
Preloading 0 native plugins for Editor in 0.00 ms.
Unloading 1811 Unused Serialized files (Serialized files now loaded: 0)
System memory in use before: 89.1 MB.
System memory in use after: 89.0 MB.

Unloading 12 unused Assets to reduce memory usage. Loaded Objects now: 2397.
Total: 2.757100 ms (FindLiveObjects: 0.238200 ms CreateObjectMapping: 0.078100 ms MarkObjects: 2.315900 ms  DeleteObjects: 0.123600 ms)

========================================================================
Received Import Request.
  Time since last request: 131.459671 seconds.
  path: Assets/DeliveryPackages/Cheese Burger.asset
  artifactKey: Guid(e35fa7b56516de14babcfa2a3269f664) Importer(815301076,1909f56bfc062723c751e8b465ee728b)
Start importing Assets/DeliveryPackages/Cheese Burger.asset using Guid(e35fa7b56516de14babcfa2a3269f664) Importer(815301076,1909f56bfc062723c751e8b465ee728b)  -> (artifact id: '340bc49407786d5de86578e5f40a1047') in 0.016752 seconds
  Import took 0.019829 seconds .

========================================================================
Received Import Request.
  Time since last request: 0.000610 seconds.
  path: Assets/DeliveryPackages/Cheese Burger.asset
  artifactKey: Guid(e35fa7b56516de14babcfa2a3269f664) Importer(815301076,1909f56bfc062723c751e8b465ee728b)
Start importing Assets/DeliveryPackages/Cheese Burger.asset using Guid(e35fa7b56516de14babcfa2a3269f664) Importer(815301076,1909f56bfc062723c751e8b465ee728b)  -> (artifact id: '340bc49407786d5de86578e5f40a1047') in 0.005518 seconds
  Import took 0.008902 seconds .

========================================================================
Received Import Request.
  Time since last request: 4.820643 seconds.
  path: Assets/DeliveryPackages/French Fries.asset
  artifactKey: Guid(fee6af74af9778f40a50958db0097c34) Importer(815301076,1909f56bfc062723c751e8b465ee728b)
Start importing Assets/DeliveryPackages/French Fries.asset using Guid(fee6af74af9778f40a50958db0097c34) Importer(815301076,1909f56bfc062723c751e8b465ee728b)  -> (artifact id: '81aec40cf42fb6709288fbe1aec53cc9') in 0.004105 seconds
  Import took 0.007136 seconds .

========================================================================
Received Prepare
Registering precompiled user dll's ...
Registered in 0.001020 seconds.
Begin MonoManager ReloadAssembly
Native extension for WindowsStandalone target not found
Native extension for WebGL target not found
Refreshing native plugins compatible for Editor in 0.45 ms, found 1 plugins.
Preloading 0 native plugins for Editor in 0.00 ms.
Mono: successfully reloaded assembly
- Completed reload, in  1.292 seconds
Platform modules already initialized, skipping
Refreshing native plugins compatible for Editor in 0.43 ms, found 1 plugins.
Preloading 0 native plugins for Editor in 0.00 ms.
Unloading 1811 Unused Serialized files (Serialized files now loaded: 0)
System memory in use before: 89.1 MB.
System memory in use after: 89.0 MB.

Unloading 12 unused Assets to reduce memory usage. Loaded Objects now: 2401.
Total: 2.918900 ms (FindLiveObjects: 0.235600 ms CreateObjectMapping: 0.078900 ms MarkObjects: 2.470800 ms  DeleteObjects: 0.132500 ms)

========================================================================
Received Prepare
Registering precompiled user dll's ...
Registered in 0.000934 seconds.
Begin MonoManager ReloadAssembly
Native extension for WindowsStandalone target not found
Native extension for WebGL target not found
Refreshing native plugins compatible for Editor in 0.35 ms, found 1 plugins.
Preloading 0 native plugins for Editor in 0.00 ms.
Mono: successfully reloaded assembly
- Completed reload, in  0.900 seconds
Platform modules already initialized, skipping
Refreshing native plugins compatible for Editor in 0.41 ms, found 1 plugins.
Preloading 0 native plugins for Editor in 0.00 ms.
Unloading 1811 Unused Serialized files (Serialized files now loaded: 0)
System memory in use before: 89.1 MB.
System memory in use after: 89.0 MB.

Unloading 12 unused Assets to reduce memory usage. Loaded Objects now: 2405.
Total: 2.405800 ms (FindLiveObjects: 0.253900 ms CreateObjectMapping: 0.108700 ms MarkObjects: 1.903200 ms  DeleteObjects: 0.138600 ms)

AssetImportWorkerClient::OnTransportError - code=2 error=End of file
